{"level":"info","message":"Database connected and synced","timestamp":"2025-04-23T06:08:50.156Z"}
{"level":"info","message":"Server running on port 7700","timestamp":"2025-04-23T06:08:50.159Z"}
{"level":"error","message":"Cannot read properties of undefined (reading 'constructor') - POST /api/auth/login","timestamp":"2025-04-23T06:13:05.290Z"}
{"level":"error","message":"Cannot read properties of undefined (reading 'length') - POST /api/auth/register","timestamp":"2025-04-23T06:13:22.214Z"}
{"level":"info","message":"Database connected and synced","timestamp":"2025-04-23T06:14:18.011Z"}
{"level":"info","message":"Server running on port 7700","timestamp":"2025-04-23T06:14:18.020Z"}
{"level":"error","message":"Cannot read properties of undefined (reading 'length') - POST /api/auth/register","timestamp":"2025-04-23T06:14:28.122Z"}
{"level":"info","message":"Database connected and synced","timestamp":"2025-04-23T06:15:25.089Z"}
{"level":"info","message":"Server running on port 7700","timestamp":"2025-04-23T06:15:25.092Z"}
{"level":"info","message":"Database connected and synced","timestamp":"2025-04-23T06:15:38.676Z"}
{"level":"info","message":"Server running on port 7700","timestamp":"2025-04-23T06:15:38.679Z"}
{"level":"info","message":"Database connected and synced","timestamp":"2025-04-23T06:15:49.201Z"}
{"level":"info","message":"Server running on port 7700","timestamp":"2025-04-23T06:15:49.204Z"}
{"level":"error","message":"Cannot read properties of undefined (reading 'length') - POST /api/auth/register","timestamp":"2025-04-23T06:15:52.583Z"}
{"level":"info","message":"Database connected and synced","timestamp":"2025-04-23T06:16:32.522Z"}
{"level":"info","message":"Server running on port 7700","timestamp":"2025-04-23T06:16:32.525Z"}
{"level":"error","message":"Cannot read properties of undefined (reading 'length') - POST /api/auth/register","timestamp":"2025-04-23T06:16:40.294Z"}
{"level":"info","message":"Database connected and synced","timestamp":"2025-04-23T06:18:11.219Z"}
{"level":"info","message":"Server running on port 7700","timestamp":"2025-04-23T06:18:11.221Z"}
{"level":"info","message":"Database connected and synced","timestamp":"2025-04-23T06:18:26.798Z"}
{"level":"info","message":"Server running on port 7700","timestamp":"2025-04-23T06:18:26.800Z"}
{"level":"info","message":"Database connected and synced","timestamp":"2025-04-23T06:18:37.653Z"}
{"level":"info","message":"Server running on port 7700","timestamp":"2025-04-23T06:18:37.655Z"}
{"level":"info","message":"Database connected and synced","timestamp":"2025-04-23T06:18:49.380Z"}
{"level":"info","message":"Server running on port 7700","timestamp":"2025-04-23T06:18:49.382Z"}
{"level":"error","message":"User.findOne is not a function - POST /api/auth/login","timestamp":"2025-04-23T06:18:58.920Z"}
{"level":"error","message":"User.create is not a function - POST /api/auth/register","timestamp":"2025-04-23T06:19:03.799Z"}
{"level":"info","message":"Database connected and synced","timestamp":"2025-04-23T06:21:01.139Z"}
{"level":"info","message":"Server running on port 7700","timestamp":"2025-04-23T06:21:01.142Z"}
{"level":"info","message":"Database connected and synced","timestamp":"2025-04-23T06:21:16.662Z"}
{"level":"info","message":"Server running on port 7700","timestamp":"2025-04-23T06:21:16.666Z"}
{"level":"info","message":"Database connected and synced","timestamp":"2025-04-23T06:21:29.033Z"}
{"level":"info","message":"Server running on port 7700","timestamp":"2025-04-23T06:21:29.036Z"}
{"level":"error","message":"ENOENT: no such file or directory, open 'uploads/1745389363065.png' - POST /api/hero-banners","timestamp":"2025-04-23T06:22:43.066Z"}
{"level":"info","message":"Database connected and synced","timestamp":"2025-04-23T06:34:04.142Z"}
{"level":"info","message":"Server running on port 7700","timestamp":"2025-04-23T06:34:04.152Z"}
{"level":"info","message":"Database connected and synced","timestamp":"2025-04-23T06:36:02.000Z"}
{"level":"info","message":"Server running on port 7700","timestamp":"2025-04-23T06:36:02.003Z"}
{"level":"info","message":"Database connected and synced","timestamp":"2025-04-23T06:36:06.423Z"}
{"level":"info","message":"Server running on port 7700","timestamp":"2025-04-23T06:36:06.426Z"}
{"level":"info","message":"Database connected and synced","timestamp":"2025-04-23T06:36:28.316Z"}
{"level":"info","message":"Server running on port 7700","timestamp":"2025-04-23T06:36:28.396Z"}
{"level":"info","message":"Database connected and synced","timestamp":"2025-04-23T06:49:01.305Z"}
{"level":"info","message":"Server running on port 7700","timestamp":"2025-04-23T06:49:01.316Z"}
{"level":"info","message":"Database connected and synced","timestamp":"2025-04-23T06:49:47.231Z"}
{"level":"info","message":"Server running on port 7700","timestamp":"2025-04-23T06:49:47.239Z"}
{"level":"info","message":"Database connected and synced","timestamp":"2025-04-23T06:51:26.555Z"}
{"level":"info","message":"Server running on port 7700","timestamp":"2025-04-23T06:51:26.563Z"}
{"level":"info","message":"Database connected and synced","timestamp":"2025-04-23T07:19:10.164Z"}
{"level":"info","message":"Server running on port 7700","timestamp":"2025-04-23T07:19:10.182Z"}
{"level":"info","message":"Database connected and synced","timestamp":"2025-04-23T07:19:24.071Z"}
{"level":"info","message":"Server running on port 7700","timestamp":"2025-04-23T07:19:24.078Z"}
{"level":"info","message":"Database connected and synced","timestamp":"2025-04-23T07:19:57.316Z"}
{"level":"info","message":"Server running on port 7700","timestamp":"2025-04-23T07:19:57.324Z"}
{"level":"info","message":"Database connected and synced","timestamp":"2025-04-23T07:20:38.464Z"}
{"level":"info","message":"Server running on port 7700","timestamp":"2025-04-23T07:20:38.472Z"}
{"level":"info","message":"Database connected and synced","timestamp":"2025-04-23T07:20:54.462Z"}
{"level":"info","message":"Server running on port 7700","timestamp":"2025-04-23T07:20:54.470Z"}
{"level":"error","message":"Validation error - POST /api/auth/register","timestamp":"2025-04-23T07:22:05.571Z"}
{"level":"info","message":"Database connected and synced","timestamp":"2025-04-23T07:25:55.505Z"}
{"level":"info","message":"Server running on port 7700","timestamp":"2025-04-23T07:25:55.512Z"}
{"level":"info","message":"Database connected and synced","timestamp":"2025-04-23T07:26:07.714Z"}
{"level":"info","message":"Server running on port 7700","timestamp":"2025-04-23T07:26:07.722Z"}
{"level":"info","message":"Database connected and synced","timestamp":"2025-04-23T07:29:24.586Z"}
{"level":"info","message":"Server running on port 7700","timestamp":"2025-04-23T07:29:24.594Z"}
{"level":"error","message":"Cannot read properties of undefined (reading 'findAll') - GET /api/home-statistics","timestamp":"2025-04-23T07:32:59.721Z"}
{"level":"error","message":"Cannot read properties of undefined (reading 'findAll') - GET /api/home-statistics","timestamp":"2025-04-23T07:35:33.792Z"}
{"level":"info","message":"Database connected and synced","timestamp":"2025-04-23T07:36:41.464Z"}
{"level":"info","message":"Server running on port 7700","timestamp":"2025-04-23T07:36:41.474Z"}
{"level":"error","message":"Failed to start server: database \"indel_money\" does not exist","timestamp":"2025-04-23T10:58:57.692Z"}
{"level":"info","message":"Database connected and synced","timestamp":"2025-04-23T11:01:05.665Z"}
{"level":"info","message":"Server running on port 7700","timestamp":"2025-04-23T11:01:05.794Z"}
{"level":"info","message":"Database connected and synced","timestamp":"2025-04-23T11:16:47.347Z"}
{"level":"info","message":"Server running on port 7700","timestamp":"2025-04-23T11:16:47.361Z"}
{"level":"info","message":"Database connected and synced","timestamp":"2025-04-23T11:19:36.429Z"}
{"level":"info","message":"Server running on port 7700","timestamp":"2025-04-23T11:19:36.449Z"}
{"level":"info","message":"Database connected and synced","timestamp":"2025-04-23T12:12:58.748Z"}
{"level":"info","message":"Server running on port 7700","timestamp":"2025-04-23T12:12:58.787Z"}
{"level":"info","message":"Database connected and synced","timestamp":"2025-04-23T12:58:34.770Z"}
{"level":"info","message":"Server running on port 7700","timestamp":"2025-04-23T12:58:34.786Z"}
{"level":"info","message":"Database connected and synced","timestamp":"2025-04-23T13:00:06.967Z"}
{"level":"info","message":"Server running on port 7700","timestamp":"2025-04-23T13:00:06.989Z"}
{"level":"info","message":"Database connected and synced","timestamp":"2025-04-24T04:18:50.117Z"}
{"level":"info","message":"Server running on port 7700","timestamp":"2025-04-24T04:18:50.141Z"}
{"level":"error","message":"Validation failed: Username is required - POST /api/auth/login","timestamp":"2025-04-24T04:22:02.869Z"}
{"level":"error","message":"Validation failed: Username is required - POST /api/auth/login","timestamp":"2025-04-24T04:22:42.114Z"}
{"level":"error","message":"Validation failed: Username is required - POST /api/auth/login","timestamp":"2025-04-24T04:25:05.950Z"}
{"level":"error","message":"Validation failed: Username is required - POST /api/auth/login","timestamp":"2025-04-24T04:25:54.867Z"}
{"level":"error","message":"Validation failed: Username is required - POST /api/auth/login","timestamp":"2025-04-24T04:28:38.985Z"}
{"level":"error","message":"Validation failed: Username is required - POST /api/auth/login","timestamp":"2025-04-24T04:30:59.037Z"}
{"level":"info","message":"Database connected and synced","timestamp":"2025-04-24T04:32:41.085Z"}
{"level":"info","message":"Server running on port 7700","timestamp":"2025-04-24T04:32:41.168Z"}
{"level":"info","message":"Database connected and synced","timestamp":"2025-04-24T04:33:02.794Z"}
{"level":"info","message":"Server running on port 7700","timestamp":"2025-04-24T04:33:02.819Z"}
{"level":"error","message":"Invalid credentials - POST /api/auth/login","timestamp":"2025-04-24T04:36:13.884Z"}
{"level":"error","message":"Invalid credentials - POST /api/auth/login","timestamp":"2025-04-24T04:36:31.099Z"}
{"level":"error","message":"Invalid credentials - POST /api/auth/login","timestamp":"2025-04-24T04:36:45.735Z"}
{"level":"error","message":"Invalid credentials - POST /api/auth/login","timestamp":"2025-04-24T04:38:13.285Z"}
{"level":"error","message":"Invalid credentials - POST /api/auth/login","timestamp":"2025-04-24T04:38:48.606Z"}
{"level":"error","message":"Invalid credentials - POST /api/auth/login","timestamp":"2025-04-24T04:39:57.571Z"}
{"level":"error","message":"Validation failed: Username is required - POST /api/auth/login","timestamp":"2025-04-24T04:41:36.184Z"}
{"level":"error","message":"Validation failed: Username is required - POST /api/auth/login","timestamp":"2025-04-24T04:41:57.092Z"}
{"level":"error","message":"notNull Violation: User.username cannot be null - POST /api/auth/register","timestamp":"2025-04-24T04:42:52.665Z"}
{"level":"error","message":"Validation failed: Username is required - POST /api/auth/register","timestamp":"2025-04-24T04:43:00.590Z"}
{"level":"info","message":"Database connected and synced","timestamp":"2025-04-24T04:53:58.682Z"}
{"level":"info","message":"Server running on port 7700","timestamp":"2025-04-24T04:53:58.724Z"}
{"level":"error","message":"WHERE parameter \"username\" has invalid \"undefined\" value - POST /api/auth/login","timestamp":"2025-04-24T04:54:17.892Z"}
{"level":"info","message":"Database connected and synced","timestamp":"2025-04-24T04:54:49.645Z"}
{"level":"info","message":"Server running on port 7700","timestamp":"2025-04-24T04:54:49.668Z"}
{"level":"error","message":"Invalid credentials - POST /api/auth/login","timestamp":"2025-04-24T04:54:57.719Z"}
{"level":"info","message":"Database connected and synced","timestamp":"2025-04-24T04:55:18.019Z"}
{"level":"info","message":"Server running on port 7700","timestamp":"2025-04-24T04:55:18.038Z"}
{"level":"error","message":"Invalid credentials - POST /api/auth/login","timestamp":"2025-04-24T04:55:28.148Z"}
{"level":"info","message":"Database connected and synced","timestamp":"2025-04-24T05:02:13.050Z"}
{"level":"info","message":"Server running on port 7700","timestamp":"2025-04-24T05:02:13.067Z"}
{"level":"info","message":"Database connected and synced","timestamp":"2025-04-24T05:04:09.628Z"}
{"level":"info","message":"Server running on port 7700","timestamp":"2025-04-24T05:04:09.658Z"}
{"level":"error","message":"data and hash arguments required - POST /api/auth/login","timestamp":"2025-04-24T05:05:00.667Z"}
{"level":"info","message":"Database connected and synced","timestamp":"2025-04-24T05:06:02.466Z"}
{"level":"info","message":"Server running on port 7700","timestamp":"2025-04-24T05:06:02.494Z"}
{"level":"error","message":"data and hash arguments required - POST /api/auth/login","timestamp":"2025-04-24T05:08:54.289Z"}
{"level":"info","message":"Database connected and synced","timestamp":"2025-04-24T05:09:36.912Z"}
{"level":"info","message":"Server running on port 7700","timestamp":"2025-04-24T05:09:36.929Z"}
{"level":"info","message":"Database connected and synced","timestamp":"2025-04-24T05:10:26.711Z"}
{"level":"info","message":"Server running on port 7700","timestamp":"2025-04-24T05:10:26.744Z"}
{"level":"info","message":"Database connected and synced","timestamp":"2025-04-24T05:11:21.312Z"}
{"level":"info","message":"Server running on port 7700","timestamp":"2025-04-24T05:11:21.331Z"}
{"level":"error","message":"Validation failed: Password must be at least 6 characters - POST /api/auth/login","timestamp":"2025-04-24T05:17:00.031Z"}
{"level":"error","message":"Validation failed: Username is required - POST /api/auth/login","timestamp":"2025-04-24T05:17:32.866Z"}
{"level":"error","message":"Invalid credentials - POST /api/auth/login","timestamp":"2025-04-24T05:45:13.577Z"}
{"level":"error","message":"Validation failed: Password must be at least 6 characters - POST /api/auth/login","timestamp":"2025-04-24T06:57:52.522Z"}
