{"level":"error","message":"Cannot read properties of undefined (reading 'constructor') - POST /api/auth/login","timestamp":"2025-04-23T06:13:05.290Z"}
{"level":"error","message":"Cannot read properties of undefined (reading 'length') - POST /api/auth/register","timestamp":"2025-04-23T06:13:22.214Z"}
{"level":"error","message":"Cannot read properties of undefined (reading 'length') - POST /api/auth/register","timestamp":"2025-04-23T06:14:28.122Z"}
{"level":"error","message":"Cannot read properties of undefined (reading 'length') - POST /api/auth/register","timestamp":"2025-04-23T06:15:52.583Z"}
{"level":"error","message":"Cannot read properties of undefined (reading 'length') - POST /api/auth/register","timestamp":"2025-04-23T06:16:40.294Z"}
{"level":"error","message":"User.findOne is not a function - POST /api/auth/login","timestamp":"2025-04-23T06:18:58.920Z"}
{"level":"error","message":"User.create is not a function - POST /api/auth/register","timestamp":"2025-04-23T06:19:03.799Z"}
{"level":"error","message":"ENOENT: no such file or directory, open 'uploads/1745389363065.png' - POST /api/hero-banners","timestamp":"2025-04-23T06:22:43.066Z"}
{"level":"error","message":"Validation error - POST /api/auth/register","timestamp":"2025-04-23T07:22:05.571Z"}
{"level":"error","message":"Cannot read properties of undefined (reading 'findAll') - GET /api/home-statistics","timestamp":"2025-04-23T07:32:59.721Z"}
{"level":"error","message":"Cannot read properties of undefined (reading 'findAll') - GET /api/home-statistics","timestamp":"2025-04-23T07:35:33.792Z"}
{"level":"error","message":"jwt malformed - PUT /api/home-page-content","timestamp":"2025-04-24T06:28:09.974Z"}
{"level":"error","message":"Validation failed: Username is required - POST /api/auth/login","timestamp":"2025-04-24T06:28:21.951Z"}
{"level":"error","message":"jwt malformed - PUT /api/home-page-content","timestamp":"2025-04-24T06:28:39.125Z"}
{"level":"error","message":"Home Page Content not found - PUT /api/home-page-content","timestamp":"2025-04-24T06:29:55.205Z"}
{"level":"error","message":"Image is required - POST /api/home-page/hero-banner","timestamp":"2025-04-24T06:46:06.902Z"}
{"level":"error","message":"Validation failed: Description is required, Order must be an integer - POST /api/home-page/home-loan-step","timestamp":"2025-04-24T08:57:12.029Z"}
{"level":"error","message":"Home Loan Step not found - DELETE /api/home-page/home-loan-step/3","timestamp":"2025-04-24T09:14:04.849Z"}
{"level":"error","message":"jwt malformed - POST /api/home-page/home-faq","timestamp":"2025-04-24T09:31:45.566Z"}
{"level":"error","message":"Validation failed: Answer is required, Order must be an integer - PUT /api/home-page/home-faq/1","timestamp":"2025-04-24T09:36:26.595Z"}
{"level":"error","message":"Home FAQ not found - DELETE /api/home-page/home-faq/4","timestamp":"2025-04-24T09:37:09.629Z"}
{"level":"error","message":"Validation failed: Gold rate label cannot be empty - PUT /api/home-page/home-page-content","timestamp":"2025-04-24T10:34:49.931Z"}
{"level":"error","message":"Validation failed: Gold rate label cannot be empty - PUT /api/home-page/home-page-content","timestamp":"2025-04-24T10:35:29.569Z"}
{"level":"error","message":"Validation failed: Gold rate label cannot be empty - PUT /api/home-page/home-page-content","timestamp":"2025-04-24T10:35:30.998Z"}
{"level":"error","message":"Validation failed: Gold rate label cannot be empty - PUT /api/home-page/home-page-content","timestamp":"2025-04-24T10:35:31.635Z"}
{"level":"error","message":"Validation failed: Gold rate label cannot be empty - PUT /api/home-page/home-page-content","timestamp":"2025-04-24T10:35:32.245Z"}
{"level":"error","message":"Validation failed: Gold rate label cannot be empty - PUT /api/home-page/home-page-content","timestamp":"2025-04-24T10:35:32.735Z"}
{"level":"error","message":"Validation failed: Order must be an integer - PUT /api/home-page/home-faq/1","timestamp":"2025-04-24T10:43:23.716Z"}
{"level":"error","message":"Validation failed: Answer cannot be empty - PUT /api/home-page/home-faq/1","timestamp":"2025-04-24T10:43:38.475Z"}
{"level":"error","message":"Validation failed: Answer cannot be empty - PUT /api/home-page/home-faq/1","timestamp":"2025-04-24T10:43:45.736Z"}
